<?xml version="1.0" encoding="UTF-8"?>
<!-- Generated by org.testng.reporters.JUnitReportReporter -->
<testsuite skipped="0" hostname="Abhay-PC" name="com.inetBanking.testCases.TC_AddCustomerTest_003" tests="1" failures="0" timestamp="11 Mar 2020 10:56:43 GMT" time="21.242" errors="0">
  <testcase name="addNewCustomer" time="21.242" classname="com.inetBanking.testCases.TC_AddCustomerTest_003"/>
</testsuite> <!-- com.inetBanking.testCases.TC_AddCustomerTest_003 -->
